<?xml version="1.0" encoding="UTF-8"?>
<testng-results ignored="0" total="5" passed="5" failed="0" skipped="0">
  <reporter-output>
  </reporter-output>
  <suite started-at="2024-06-29T16:32:45 EEST" name="First" finished-at="2024-06-29T16:34:15 EEST" duration-ms="89759">
    <groups>
    </groups>
    <test started-at="2024-06-29T16:32:45 EEST" name="Default test" finished-at="2024-06-29T16:34:15 EEST" duration-ms="89759">
      <class name="com.google.selenium.test.test2">
        <test-method is-config="true" signature="openURL()[pri:0, instance:com.google.selenium.test.test2@639c2c1d]" started-at="2024-06-29T16:33:20 EEST" name="openURL" finished-at="2024-06-29T16:33:34 EEST" duration-ms="14005" status="PASS">
          <reporter-output>
          </reporter-output>
        </test-method> <!-- openURL -->
        <test-method signature="testValidLogin()[pri:0, instance:com.google.selenium.test.test2@639c2c1d]" started-at="2024-06-29T16:33:49 EEST" name="testValidLogin" finished-at="2024-06-29T16:33:58 EEST" duration-ms="9663" status="PASS">
          <reporter-output>
          </reporter-output>
        </test-method> <!-- testValidLogin -->
        <test-method is-config="true" signature="closeWebsite()[pri:0, instance:com.google.selenium.test.test2@639c2c1d]" started-at="2024-06-29T16:34:12 EEST" name="closeWebsite" finished-at="2024-06-29T16:34:14 EEST" duration-ms="1548" status="PASS">
          <reporter-output>
          </reporter-output>
        </test-method> <!-- closeWebsite -->
      </class> <!-- com.google.selenium.test.test2 -->
      <class name="com.google.selenium.test.test3">
        <test-method is-config="true" signature="openURL()[pri:0, instance:com.google.selenium.test.test3@5fe94a96]" started-at="2024-06-29T16:33:34 EEST" name="openURL" finished-at="2024-06-29T16:33:46 EEST" duration-ms="12184" status="PASS">
          <reporter-output>
          </reporter-output>
        </test-method> <!-- openURL -->
        <test-method signature="testInvalidLogin()[pri:0, instance:com.google.selenium.test.test3@5fe94a96]" started-at="2024-06-29T16:33:58 EEST" name="testInvalidLogin" finished-at="2024-06-29T16:34:04 EEST" duration-ms="5682" status="PASS">
          <reporter-output>
          </reporter-output>
        </test-method> <!-- testInvalidLogin -->
        <test-method is-config="true" signature="closeWebsite()[pri:0, instance:com.google.selenium.test.test3@5fe94a96]" started-at="2024-06-29T16:34:14 EEST" name="closeWebsite" finished-at="2024-06-29T16:34:15 EEST" duration-ms="1342" status="PASS">
          <reporter-output>
          </reporter-output>
        </test-method> <!-- closeWebsite -->
      </class> <!-- com.google.selenium.test.test3 -->
      <class name="com.google.selenium.test.Test1">
        <test-method is-config="true" signature="openURL()[pri:0, instance:com.google.selenium.test.Test1@65fb9ffc]" started-at="2024-06-29T16:32:45 EEST" name="openURL" finished-at="2024-06-29T16:32:56 EEST" duration-ms="11201" status="PASS">
          <reporter-output>
          </reporter-output>
        </test-method> <!-- openURL -->
        <test-method signature="testFieldsExist()[pri:0, instance:com.google.selenium.test.Test1@65fb9ffc]" started-at="2024-06-29T16:33:46 EEST" name="testFieldsExist" finished-at="2024-06-29T16:33:49 EEST" duration-ms="2281" status="PASS">
          <reporter-output>
          </reporter-output>
        </test-method> <!-- testFieldsExist -->
        <test-method is-config="true" signature="closeWebsite()[pri:0, instance:com.google.selenium.test.Test1@65fb9ffc]" started-at="2024-06-29T16:34:09 EEST" name="closeWebsite" finished-at="2024-06-29T16:34:10 EEST" duration-ms="949" status="PASS">
          <reporter-output>
          </reporter-output>
        </test-method> <!-- closeWebsite -->
      </class> <!-- com.google.selenium.test.Test1 -->
      <class name="com.google.selenium.test.Test5">
        <test-method is-config="true" signature="openURL()[pri:0, instance:com.google.selenium.test.Test5@765d7657]" started-at="2024-06-29T16:33:05 EEST" name="openURL" finished-at="2024-06-29T16:33:20 EEST" duration-ms="14397" status="PASS">
          <reporter-output>
          </reporter-output>
        </test-method> <!-- openURL -->
        <test-method signature="testEmptyPassword()[pri:0, instance:com.google.selenium.test.Test5@765d7657]" started-at="2024-06-29T16:34:07 EEST" name="testEmptyPassword" finished-at="2024-06-29T16:34:09 EEST" duration-ms="2303" status="PASS">
          <reporter-output>
          </reporter-output>
        </test-method> <!-- testEmptyPassword -->
        <test-method is-config="true" signature="closeWebsite()[pri:0, instance:com.google.selenium.test.Test5@765d7657]" started-at="2024-06-29T16:34:11 EEST" name="closeWebsite" finished-at="2024-06-29T16:34:12 EEST" duration-ms="1387" status="PASS">
          <reporter-output>
          </reporter-output>
        </test-method> <!-- closeWebsite -->
      </class> <!-- com.google.selenium.test.Test5 -->
      <class name="com.google.selenium.test.Test4">
        <test-method is-config="true" signature="openURL()[pri:0, instance:com.google.selenium.test.Test4@443118b0]" started-at="2024-06-29T16:32:56 EEST" name="openURL" finished-at="2024-06-29T16:33:05 EEST" duration-ms="8843" status="PASS">
          <reporter-output>
          </reporter-output>
        </test-method> <!-- openURL -->
        <test-method signature="testEmptyUsername()[pri:0, instance:com.google.selenium.test.Test4@443118b0]" started-at="2024-06-29T16:34:04 EEST" name="testEmptyUsername" finished-at="2024-06-29T16:34:07 EEST" duration-ms="2608" status="PASS">
          <reporter-output>
          </reporter-output>
        </test-method> <!-- testEmptyUsername -->
        <test-method is-config="true" signature="closeWebsite()[pri:0, instance:com.google.selenium.test.Test4@443118b0]" started-at="2024-06-29T16:34:10 EEST" name="closeWebsite" finished-at="2024-06-29T16:34:11 EEST" duration-ms="870" status="PASS">
          <reporter-output>
          </reporter-output>
        </test-method> <!-- closeWebsite -->
      </class> <!-- com.google.selenium.test.Test4 -->
    </test> <!-- Default test -->
  </suite> <!-- First -->
</testng-results>
