<?xml version="1.0" encoding="UTF-8"?>
<!-- Generated by org.testng.reporters.JUnitXMLReporter -->
<testsuite ignored="0" hostname="DESKTOP-GQ9J60K" failures="0" tests="5" name="Default test" time="89.759" errors="0" timestamp="2024-06-29T16:34:15 EEST">
  <testcase classname="com.google.selenium.test.Test1" name="testFieldsExist" time="2.281"/>
  <testcase classname="com.google.selenium.test.test2" name="testValidLogin" time="9.663"/>
  <testcase classname="com.google.selenium.test.test3" name="testInvalidLogin" time="5.682"/>
  <testcase classname="com.google.selenium.test.Test4" name="testEmptyUsername" time="2.608"/>
  <testcase classname="com.google.selenium.test.Test5" name="testEmptyPassword" time="2.303"/>
</testsuite> <!-- Default test -->
